<?xml version="1.0" encoding="UTF-8"?>
<!-- Generated by org.testng.reporters.JUnitReportReporter -->
<testsuite hostname="HP" failures="0" tests="5" name="com.dcpl.testcase.SearchCustomerPageTest" time="118.894" errors="0" timestamp="2022-11-10T17:45:51 IST" skipped="0">
  <testcase classname="com.dcpl.testcase.SearchCustomerPageTest" name="searchCustomerTest" time="23.702"/>
  <system-out/>
  <testcase classname="com.dcpl.testcase.SearchCustomerPageTest" name="searchCustomerTest" time="23.411"/>
  <system-out/>
  <testcase classname="com.dcpl.testcase.SearchCustomerPageTest" name="searchCustomerTest" time="22.849"/>
  <system-out/>
  <testcase classname="com.dcpl.testcase.SearchCustomerPageTest" name="searchCustomerTest" time="24.680"/>
  <system-out/>
  <testcase classname="com.dcpl.testcase.SearchCustomerPageTest" name="searchCustomerTest" time="24.252"/>
  <system-out/>
</testsuite> <!-- com.dcpl.testcase.SearchCustomerPageTest -->
