<?xml version="1.0" encoding="UTF-8"?>
<!-- Generated by org.testng.reporters.JUnitReportReporter -->
<testsuite hostname="HP" failures="0" tests="2" name="com.dcpl.testcase.SalesHomePageTest" time="31.933" errors="0" timestamp="2022-11-10T17:45:51 IST" skipped="0">
  <testcase classname="com.dcpl.testcase.SalesHomePageTest" name="verifyHomeCreateDocumentMenu" time="16.722"/>
  <system-out/>
  <testcase classname="com.dcpl.testcase.SalesHomePageTest" name="verifyOrdersMenu" time="15.211"/>
  <system-out/>
</testsuite> <!-- com.dcpl.testcase.SalesHomePageTest -->
