<?xml version="1.0" encoding="UTF-8"?>
<!-- Generated by org.testng.reporters.JUnitReportReporter -->
<testsuite hostname="HP" failures="0" tests="1" name="com.dcpl.testcase.SalesLoginPageTest" time="17.670" errors="0" timestamp="2022-11-10T17:45:51 IST" skipped="0">
  <testcase classname="com.dcpl.testcase.SalesLoginPageTest" name="salesLoginTest" time="17.670"/>
  <system-out/>
</testsuite> <!-- com.dcpl.testcase.SalesLoginPageTest -->
