<?xml version="1.0" encoding="UTF-8"?>
<!-- Generated by org.testng.reporters.JUnitReportReporter -->
<testsuite skipped="0" hostname="HP" name="com.dcpl.testcase.CashierReceiptPageTest" tests="1" failures="0" timestamp="2023-02-07T11:42:58 IST" time="24.238" errors="0">
  <testcase name="verifyReceiptsConfirmationByCashier" time="24.238" classname="com.dcpl.testcase.CashierReceiptPageTest"/>
  <system-out/>
</testsuite> <!-- com.dcpl.testcase.CashierReceiptPageTest -->
