<?xml version="1.0" encoding="UTF-8"?>
<!-- Generated by org.testng.reporters.JUnitReportReporter -->
<testsuite skipped="0" hostname="HP" name="com.dcpl.testcase.ReceiptVoucherPageTest" tests="1" failures="0" timestamp="2023-01-19T12:47:07 IST" time="64.637" errors="0">
  <testcase name="verifyingReceiptVocuherPage" time="64.637" classname="com.dcpl.testcase.ReceiptVoucherPageTest"/>
  <system-out/>
</testsuite> <!-- com.dcpl.testcase.ReceiptVoucherPageTest -->
