<?xml version="1.0" encoding="UTF-8"?>
<!-- Generated by org.testng.reporters.JUnitReportReporter -->
<testsuite hostname="HP" failures="0" tests="1" name="com.dcpl.testcase.CustomerCreatePageTest" time="13.290" errors="0" timestamp="2022-11-07T14:20:54 IST" skipped="0">
  <testcase classname="com.dcpl.testcase.CustomerCreatePageTest" name="verifyNewCreateCustomerPageTest" time="13.290"/>
  <system-out/>
</testsuite> <!-- com.dcpl.testcase.CustomerCreatePageTest -->
