<?xml version="1.0" encoding="UTF-8"?>
<!-- Generated by org.testng.reporters.JUnitReportReporter -->
<testsuite hostname="HP" failures="0" tests="1" name="com.dcpl.testcase.ReceiptVoucherPageTest" time="41.218" errors="0" timestamp="2023-02-14T18:29:09 IST" skipped="0">
  <testcase classname="com.dcpl.testcase.ReceiptVoucherPageTest" name="verifyingReceiptVocuherPage" time="41.218"/>
  <system-out/>
</testsuite> <!-- com.dcpl.testcase.ReceiptVoucherPageTest -->
