<?xml version="1.0" encoding="UTF-8"?>
<!-- Generated by org.testng.reporters.JUnitReportReporter -->
<testsuite hostname="HP" failures="0" tests="1" name="com.dcpl.testcase.CashierReceiptPageTest" time="22.517" errors="0" timestamp="2023-02-18T12:24:29 IST" skipped="0">
  <testcase classname="com.dcpl.testcase.CashierReceiptPageTest" name="verifyReceiptsConfirmationByCashier" time="22.517"/>
  <system-out/>
</testsuite> <!-- com.dcpl.testcase.CashierReceiptPageTest -->
