<?xml version="1.0" encoding="UTF-8"?>
<!-- Generated by org.testng.reporters.JUnitReportReporter -->
<testsuite skipped="0" hostname="HP" name="com.dcpl.testcase.StoreHeadConfirmationPageTest" tests="1" failures="0" timestamp="2023-01-31T18:49:32 IST" time="26.046" errors="0">
  <testcase name="verifyingOrderConfirmationByStoreHead" time="26.046" classname="com.dcpl.testcase.StoreHeadConfirmationPageTest"/>
  <system-out/>
</testsuite> <!-- com.dcpl.testcase.StoreHeadConfirmationPageTest -->
