<?xml version="1.0" encoding="UTF-8"?>
<!-- Generated by org.testng.reporters.JUnitReportReporter -->
<testsuite skipped="0" hostname="HP" name="com.dcpl.testcase.CreditAndAdvancePageTest" tests="1" failures="0" timestamp="2022-12-07T11:21:38 IST" time="54.915" errors="0">
  <testcase name="verifyCreditAdvacnceTest" time="54.915" classname="com.dcpl.testcase.CreditAndAdvancePageTest"/>
  <system-out/>
</testsuite> <!-- com.dcpl.testcase.CreditAndAdvancePageTest -->
