<?xml version="1.0" encoding="UTF-8"?>
<!-- Generated by org.testng.reporters.JUnitReportReporter -->
<testsuite skipped="0" hostname="HP" name="com.dcpl.testcase.CreateCustomerOrderTest" tests="1" failures="0" timestamp="2023-01-31T18:49:32 IST" time="66.757" errors="0">
  <testcase name="verifyCustomerOrderOrderKindNo" time="66.757" classname="com.dcpl.testcase.CreateCustomerOrderTest"/>
  <system-out/>
</testsuite> <!-- com.dcpl.testcase.CreateCustomerOrderTest -->
