<?xml version="1.0" encoding="UTF-8"?>
<!-- Generated by org.testng.reporters.JUnitReportReporter -->
<testsuite hostname="HP" failures="0" tests="1" name="com.dcpl.testcase.OrderDetailPageTest" time="37.626" errors="0" timestamp="2022-11-24T16:20:57 IST" skipped="0">
  <testcase classname="com.dcpl.testcase.OrderDetailPageTest" name="createCustomerOrderWithOrderKindNO" time="37.626"/>
  <system-out/>
</testsuite> <!-- com.dcpl.testcase.OrderDetailPageTest -->
