<?xml version="1.0" encoding="UTF-8"?>
<!-- Generated by org.testng.reporters.JUnitReportReporter -->
<testsuite hostname="HP" failures="0" tests="2" name="com.dcpl.testcase.CreateCustomerOrderTest" time="109.342" errors="0" timestamp="2023-02-18T12:24:29 IST" skipped="1">
  <testcase classname="com.dcpl.testcase.CreateCustomerOrderTest" name="verifyCustomerOrderOrderKindNo" time="46.503">
    <skipped/>
  </testcase> <!-- verifyCustomerOrderOrderKindNo -->
  <system-out/>
  <testcase classname="com.dcpl.testcase.CreateCustomerOrderTest" name="verifyCustomerOrderOrderKindNo" time="62.839"/>
  <system-out/>
</testsuite> <!-- com.dcpl.testcase.CreateCustomerOrderTest -->
