<?xml version="1.0" encoding="UTF-8"?>
<!-- Generated by org.testng.reporters.JUnitReportReporter -->
<testsuite hostname="HP" failures="0" tests="1" name="com.dcpl.testcase.OrderHeaderPageTest" time="29.981" errors="0" timestamp="2022-11-14T16:33:55 IST" skipped="0">
  <testcase classname="com.dcpl.testcase.OrderHeaderPageTest" name="createOrderHeaderPageTest" time="29.981"/>
  <system-out/>
</testsuite> <!-- com.dcpl.testcase.OrderHeaderPageTest -->
